app/build/outputs/logs/manifest-merger-debug-report.txt
-- Merging decision tree log ---
manifest
ADDED from src\main\AndroidManifest.xml:2:1-89:12
	package
		ADDED from src\main\AndroidManifest.xml:3:5-41
		INJECTED from src\main\AndroidManifest.xml
		INJECTED from src\main\AndroidManifest.xml
	android:versionName
		ADDED from src\main\AndroidManifest.xml:5:5-30
		INJECTED from src\main\AndroidManifest.xml
		INJECTED from src\main\AndroidManifest.xml
	android:versionCode
		ADDED from src\main\AndroidManifest.xml:4:5-28
		INJECTED from src\main\AndroidManifest.xml
		INJECTED from src\main\AndroidManifest.xml
	xmlns:android
		ADDED from src\main\AndroidManifest.xml:2:11-69
uses-sdk
ADDED from src\main\AndroidManifest.xml:7:5-9:41
MERGED from [com.android.support:gridlayout-v7:18.0.0] AndroidManifest.xml:18:5-42
	android:targetSdkVersion
		ADDED from src\main\AndroidManifest.xml:9:9-38
		INJECTED from src\main\AndroidManifest.xml
		INJECTED from src\main\AndroidManifest.xml
	android:minSdkVersion
		ADDED from src\main\AndroidManifest.xml:8:9-34
		INJECTED from src\main\AndroidManifest.xml
		INJECTED from src\main\AndroidManifest.xml
uses-permission#android.permission.CALL_PHONE
ADDED from src\main\AndroidManifest.xml:11:5-69
	android:name
		ADDED from src\main\AndroidManifest.xml:11:22-66
uses-permission#android.permission.INTERNET
ADDED from src\main\AndroidManifest.xml:12:5-67
	android:name
		ADDED from src\main\AndroidManifest.xml:12:22-64
uses-permission#android.permission.ACCESS_WIFI_STATE
ADDED from src\main\AndroidManifest.xml:13:5-76
	android:name
		ADDED from src\main\AndroidManifest.xml:13:22-73
uses-permission#android.permission.ACCESS_NETWORK_STATE
ADDED from src\main\AndroidManifest.xml:14:2-76
	android:name
		ADDED from src\main\AndroidManifest.xml:14:19-73
application
ADDED from src\main\AndroidManifest.xml:16:5-80:19
MERGED from [com.android.support:gridlayout-v7:18.0.0] AndroidManifest.xml:19:5-20
	android:label
		ADDED from src\main\AndroidManifest.xml:19:9-41
	android:allowBackup
		ADDED from src\main\AndroidManifest.xml:17:9-35
	android:icon
		ADDED from src\main\AndroidManifest.xml:18:9-45
	android:theme
		ADDED from src\main\AndroidManifest.xml:20:9-40
activity#com.example.detaysoftmobil.Login
ADDED from src\main\AndroidManifest.xml:21:9-26:20
	android:label
		ADDED from src\main\AndroidManifest.xml:21:72-104
	android:windowSoftInputMode
		ADDED from src\main\AndroidManifest.xml:21:107-154
	android:name
		ADDED from src\main\AndroidManifest.xml:21:19-66
intent-filter#android.intent.action.MAIN+android.intent.category.LAUNCHER
ADDED from src\main\AndroidManifest.xml:22:13-25:29
action#android.intent.action.MAIN
ADDED from src\main\AndroidManifest.xml:23:17-69
	android:name
		ADDED from src\main\AndroidManifest.xml:23:25-66
category#android.intent.category.LAUNCHER
ADDED from src\main\AndroidManifest.xml:24:17-77
	android:name
		ADDED from src\main\AndroidManifest.xml:24:27-74
activity#com.example.detaysoftmobil.MainActivity
ADDED from src\main\AndroidManifest.xml:27:9-33:20
	android:label
		ADDED from src\main\AndroidManifest.xml:28:73-105
	android:windowSoftInputMode
		ADDED from src\main\AndroidManifest.xml:28:108-155
	android:name
		ADDED from src\main\AndroidManifest.xml:28:13-67
intent-filter#android.intent.action.MAINACTIVITY+android.intent.category.DEFAULT
ADDED from src\main\AndroidManifest.xml:29:13-32:29
action#android.intent.action.MAINACTIVITY
ADDED from src\main\AndroidManifest.xml:30:17-77
	android:name
		ADDED from src\main\AndroidManifest.xml:30:25-74
category#android.intent.category.DEFAULT
ADDED from src\main\AndroidManifest.xml:31:17-76
	android:name
		ADDED from src\main\AndroidManifest.xml:31:27-73
activity#com.example.detaysoftmobil.PersonelListesi
ADDED from src\main\AndroidManifest.xml:35:9-40:20
	android:label
		ADDED from src\main\AndroidManifest.xml:35:56-88
	android:name
		ADDED from src\main\AndroidManifest.xml:35:19-50
intent-filter#android.intent.action.PERSONELLISTESI+android.intent.category.DEFAULT
ADDED from src\main\AndroidManifest.xml:36:13-39:29
action#android.intent.action.PERSONELLISTESI
ADDED from src\main\AndroidManifest.xml:37:17-80
	android:name
		ADDED from src\main\AndroidManifest.xml:37:25-77
activity#com.example.detaysoftmobil.Detail
ADDED from src\main\AndroidManifest.xml:41:10-46:24
	android:label
		ADDED from src\main\AndroidManifest.xml:41:45-77
	android:name
		ADDED from src\main\AndroidManifest.xml:41:20-42
intent-filter#android.intent.action.DETAIL+android.intent.category.DEFAULT
ADDED from src\main\AndroidManifest.xml:42:14-45:29
action#android.intent.action.DETAIL
ADDED from src\main\AndroidManifest.xml:43:17-71
	android:name
		ADDED from src\main\AndroidManifest.xml:43:25-68
activity#com.example.detaysoftmobil.Aktiviteler
ADDED from src\main\AndroidManifest.xml:47:13-52:20
	android:label
		ADDED from src\main\AndroidManifest.xml:47:56-88
	android:windowSoftInputMode
		ADDED from src\main\AndroidManifest.xml:47:90-137
	android:name
		ADDED from src\main\AndroidManifest.xml:47:23-50
intent-filter#android.intent.action.AKTIVITELER+android.intent.category.DEFAULT
ADDED from src\main\AndroidManifest.xml:48:13-51:29
action#android.intent.action.AKTIVITELER
ADDED from src\main\AndroidManifest.xml:49:17-76
	android:name
		ADDED from src\main\AndroidManifest.xml:49:25-73
activity#com.example.detaysoftmobil.Aktivite_Detay
ADDED from src\main\AndroidManifest.xml:53:9-58:20
	android:label
		ADDED from src\main\AndroidManifest.xml:53:55-87
	android:name
		ADDED from src\main\AndroidManifest.xml:53:19-49
intent-filter#android.intent.action.AKTIVITE_DETAY+android.intent.category.DEFAULT
ADDED from src\main\AndroidManifest.xml:54:13-57:29
action#android.intent.action.AKTIVITE_DETAY
ADDED from src\main\AndroidManifest.xml:55:17-79
	android:name
		ADDED from src\main\AndroidManifest.xml:55:25-76
activity#com.example.aktivite.BelirliAktiviteDetay
ADDED from src\main\AndroidManifest.xml:59:10-64:20
	android:label
		ADDED from src\main\AndroidManifest.xml:59:82-114
	android:windowSoftInputMode
		ADDED from src\main\AndroidManifest.xml:59:117-164
	android:name
		ADDED from src\main\AndroidManifest.xml:59:20-76
intent-filter#android.intent.action.BELIRLIAKTIVITEDETAY+android.intent.category.DEFAULT
ADDED from src\main\AndroidManifest.xml:60:13-63:29
action#android.intent.action.BELIRLIAKTIVITEDETAY
ADDED from src\main\AndroidManifest.xml:61:17-85
	android:name
		ADDED from src\main\AndroidManifest.xml:61:25-82
activity#com.example.aktivite.YeniAktivite
ADDED from src\main\AndroidManifest.xml:65:9-70:20
	android:label
		ADDED from src\main\AndroidManifest.xml:65:73-105
	android:windowSoftInputMode
		ADDED from src\main\AndroidManifest.xml:65:108-155
	android:name
		ADDED from src\main\AndroidManifest.xml:65:19-67
intent-filter#android.intent.action.YENIAKTIVITE+android.intent.category.DEFAULT
ADDED from src\main\AndroidManifest.xml:66:13-69:29
action#android.intent.action.YENIAKTIVITE
ADDED from src\main\AndroidManifest.xml:67:17-77
	android:name
		ADDED from src\main\AndroidManifest.xml:67:25-74
activity#com.example.aktivite.FavoriAdapter
ADDED from src\main\AndroidManifest.xml:71:9-76:20
	android:label
		ADDED from src\main\AndroidManifest.xml:71:74-106
	android:windowSoftInputMode
		ADDED from src\main\AndroidManifest.xml:71:109-156
	android:name
		ADDED from src\main\AndroidManifest.xml:71:19-68
intent-filter#android.intent.action.FAVORIADAPTER+android.intent.category.DEFAULT
ADDED from src\main\AndroidManifest.xml:72:13-75:29
action#android.intent.action.FAVORIADAPTER
ADDED from src\main\AndroidManifest.xml:73:17-78
	android:name
		ADDED from src\main\AndroidManifest.xml:73:25-75
supports-screens
ADDED from src\main\AndroidManifest.xml:83:5-87:31
	android:largeScreens
		ADDED from src\main\AndroidManifest.xml:84:6-33
	android:normalScreens
		ADDED from src\main\AndroidManifest.xml:86:3-31
	android:xlargeScreens
		ADDED from src\main\AndroidManifest.xml:85:3-31
	android:anyDensity
		ADDED from src\main\AndroidManifest.xml:87:3-28